2019-10-30 14:36:37.409 INFO  com.example.demo.DemoApplication Line:55  - Starting DemoApplication on XZKJ_xujingchao with PID 3568 (E:\IdeaProjects\demo\target\classes started by Curse in E:\IdeaProjects\demo)
2019-10-30 14:36:37.428 INFO  com.example.demo.DemoApplication Line:655 - The following profiles are active: dev
2019-10-30 14:36:39.705 INFO  org.springframework.data.repository.config.RepositoryConfigurationDelegate Line:126 - Bootstrapping Spring Data repositories in DEFAULT mode.
2019-10-30 14:36:39.849 INFO  org.springframework.data.repository.config.RepositoryConfigurationDelegate Line:182 - Finished Spring Data repository scanning in 109ms. Found 1 repository interfaces.
2019-10-30 14:36:40.530 INFO  org.springframework.context.support.PostProcessorRegistrationDelegate$BeanPostProcessorChecker Line:330 - Bean 'org.springframework.transaction.annotation.ProxyTransactionManagementConfiguration' of type [org.springframework.transaction.annotation.ProxyTransactionManagementConfiguration] is not eligible for getting processed by all BeanPostProcessors (for example: not eligible for auto-proxying)
2019-10-30 14:36:41.244 INFO  org.springframework.boot.web.embedded.tomcat.TomcatWebServer Line:92  - Tomcat initialized with port(s): 8820 (http)
2019-10-30 14:36:41.269 INFO  org.apache.coyote.http11.Http11NioProtocol Line:173 - Initializing ProtocolHandler ["http-nio-8820"]
2019-10-30 14:36:41.270 INFO  org.apache.catalina.core.StandardService Line:173 - Starting service [Tomcat]
2019-10-30 14:36:41.271 INFO  org.apache.catalina.core.StandardEngine Line:173 - Starting Servlet engine: [Apache Tomcat/9.0.27]
2019-10-30 14:36:41.667 INFO  org.apache.catalina.core.ContainerBase.[Tomcat].[localhost].[/] Line:173 - Initializing Spring embedded WebApplicationContext
2019-10-30 14:36:41.668 INFO  org.springframework.web.context.ContextLoader Line:284 - Root WebApplicationContext: initialization completed in 4057 ms
2019-10-30 14:36:42.209 INFO  org.hibernate.jpa.internal.util.LogHelper Line:31  - HHH000204: Processing PersistenceUnitInfo [name: default]
2019-10-30 14:36:42.317 INFO  org.hibernate.Version Line:46  - HHH000412: Hibernate Core {5.4.5.Final}
2019-10-30 14:36:42.776 INFO  org.hibernate.annotations.common.Version Line:49  - HCANN000001: Hibernate Commons Annotations {5.1.0.Final}
2019-10-30 14:36:43.049 INFO  com.zaxxer.hikari.HikariDataSource Line:110 - MyHikariCP - Starting...
2019-10-30 14:36:45.155 INFO  com.zaxxer.hikari.HikariDataSource Line:123 - MyHikariCP - Start completed.
2019-10-30 14:36:45.295 INFO  org.hibernate.dialect.Dialect Line:172 - HHH000400: Using dialect: org.hibernate.dialect.PostgreSQL95Dialect
2019-10-30 14:36:45.986 INFO  jdbc.sqltiming Line:373 - select * from information_schema.sequences 
 {executed in 59 msec}
2019-10-30 14:36:47.305 INFO  jdbc.sqltiming Line:373 - select * from information_schema.sequences 
 {executed in 3 msec}
2019-10-30 14:36:47.443 INFO  org.hibernate.engine.transaction.jta.platform.internal.JtaPlatformInitiator Line:52  - HHH000490: Using JtaPlatform implementation: [org.hibernate.engine.transaction.jta.platform.internal.NoJtaPlatform]
2019-10-30 14:36:47.457 INFO  org.springframework.orm.jpa.LocalContainerEntityManagerFactoryBean Line:416 - Initialized JPA EntityManagerFactory for persistence unit 'default'
2019-10-30 14:36:48.593 INFO  org.springframework.scheduling.concurrent.ThreadPoolTaskExecutor Line:171 - Initializing ExecutorService 'applicationTaskExecutor'
2019-10-30 14:36:48.951 INFO  org.apache.coyote.http11.Http11NioProtocol Line:173 - Starting ProtocolHandler ["http-nio-8820"]
2019-10-30 14:36:49.007 INFO  org.springframework.boot.web.embedded.tomcat.TomcatWebServer Line:204 - Tomcat started on port(s): 8820 (http) with context path ''
2019-10-30 14:36:49.012 INFO  com.example.demo.DemoApplication Line:61  - Started DemoApplication in 13.366 seconds (JVM running for 18.377)
2019-10-30 14:37:27.797 INFO  com.example.demo.DemoApplication Line:55  - Starting DemoApplication on XZKJ_xujingchao with PID 17392 (E:\IdeaProjects\demo\target\classes started by Curse in E:\IdeaProjects\demo)
2019-10-30 14:37:27.801 INFO  com.example.demo.DemoApplication Line:655 - The following profiles are active: dev
2019-10-30 14:37:28.875 INFO  org.springframework.data.repository.config.RepositoryConfigurationDelegate Line:126 - Bootstrapping Spring Data repositories in DEFAULT mode.
2019-10-30 14:37:28.985 INFO  org.springframework.data.repository.config.RepositoryConfigurationDelegate Line:182 - Finished Spring Data repository scanning in 96ms. Found 1 repository interfaces.
2019-10-30 14:37:29.384 INFO  org.springframework.context.support.PostProcessorRegistrationDelegate$BeanPostProcessorChecker Line:330 - Bean 'org.springframework.transaction.annotation.ProxyTransactionManagementConfiguration' of type [org.springframework.transaction.annotation.ProxyTransactionManagementConfiguration] is not eligible for getting processed by all BeanPostProcessors (for example: not eligible for auto-proxying)
2019-10-30 14:37:29.791 INFO  org.springframework.boot.web.embedded.tomcat.TomcatWebServer Line:92  - Tomcat initialized with port(s): 8820 (http)
2019-10-30 14:37:29.806 INFO  org.apache.coyote.http11.Http11NioProtocol Line:173 - Initializing ProtocolHandler ["http-nio-8820"]
2019-10-30 14:37:29.807 INFO  org.apache.catalina.core.StandardService Line:173 - Starting service [Tomcat]
2019-10-30 14:37:29.808 INFO  org.apache.catalina.core.StandardEngine Line:173 - Starting Servlet engine: [Apache Tomcat/9.0.27]
2019-10-30 14:37:30.104 INFO  org.apache.catalina.core.ContainerBase.[Tomcat].[localhost].[/] Line:173 - Initializing Spring embedded WebApplicationContext
2019-10-30 14:37:30.105 INFO  org.springframework.web.context.ContextLoader Line:284 - Root WebApplicationContext: initialization completed in 2208 ms
2019-10-30 14:37:30.350 INFO  org.hibernate.jpa.internal.util.LogHelper Line:31  - HHH000204: Processing PersistenceUnitInfo [name: default]
2019-10-30 14:37:30.454 INFO  org.hibernate.Version Line:46  - HHH000412: Hibernate Core {5.4.5.Final}
2019-10-30 14:37:30.617 INFO  org.hibernate.annotations.common.Version Line:49  - HCANN000001: Hibernate Commons Annotations {5.1.0.Final}
2019-10-30 14:37:30.733 INFO  com.zaxxer.hikari.HikariDataSource Line:110 - MyHikariCP - Starting...
2019-10-30 14:37:31.663 INFO  com.zaxxer.hikari.HikariDataSource Line:123 - MyHikariCP - Start completed.
2019-10-30 14:37:31.720 INFO  org.hibernate.dialect.Dialect Line:172 - HHH000400: Using dialect: org.hibernate.dialect.PostgreSQL95Dialect
2019-10-30 14:37:31.844 INFO  jdbc.sqltiming Line:373 - select * from information_schema.sequences 
 {executed in 3 msec}
2019-10-30 14:37:32.685 INFO  jdbc.sqltiming Line:373 - select * from information_schema.sequences 
 {executed in 1 msec}
2019-10-30 14:37:32.714 INFO  org.hibernate.engine.transaction.jta.platform.internal.JtaPlatformInitiator Line:52  - HHH000490: Using JtaPlatform implementation: [org.hibernate.engine.transaction.jta.platform.internal.NoJtaPlatform]
2019-10-30 14:37:32.726 INFO  org.springframework.orm.jpa.LocalContainerEntityManagerFactoryBean Line:416 - Initialized JPA EntityManagerFactory for persistence unit 'default'
2019-10-30 14:37:33.576 INFO  org.springframework.scheduling.concurrent.ThreadPoolTaskExecutor Line:171 - Initializing ExecutorService 'applicationTaskExecutor'
2019-10-30 14:37:33.899 INFO  org.apache.coyote.http11.Http11NioProtocol Line:173 - Starting ProtocolHandler ["http-nio-8820"]
2019-10-30 14:37:33.946 INFO  org.springframework.boot.web.embedded.tomcat.TomcatWebServer Line:204 - Tomcat started on port(s): 8820 (http) with context path ''
2019-10-30 14:37:33.953 INFO  com.example.demo.DemoApplication Line:61  - Started DemoApplication in 6.786 seconds (JVM running for 11.541)
2019-10-30 14:38:14.617 INFO  com.example.demo.DemoApplication Line:55  - Starting DemoApplication on XZKJ_xujingchao with PID 4604 (E:\IdeaProjects\demo\target\classes started by Curse in E:\IdeaProjects\demo)
2019-10-30 14:38:14.633 INFO  com.example.demo.DemoApplication Line:655 - The following profiles are active: dev
2019-10-30 14:38:15.735 INFO  org.springframework.data.repository.config.RepositoryConfigurationDelegate Line:126 - Bootstrapping Spring Data repositories in DEFAULT mode.
2019-10-30 14:38:15.833 INFO  org.springframework.data.repository.config.RepositoryConfigurationDelegate Line:182 - Finished Spring Data repository scanning in 87ms. Found 1 repository interfaces.
2019-10-30 14:38:16.215 INFO  org.springframework.context.support.PostProcessorRegistrationDelegate$BeanPostProcessorChecker Line:330 - Bean 'org.springframework.transaction.annotation.ProxyTransactionManagementConfiguration' of type [org.springframework.transaction.annotation.ProxyTransactionManagementConfiguration] is not eligible for getting processed by all BeanPostProcessors (for example: not eligible for auto-proxying)
2019-10-30 14:38:16.683 INFO  org.springframework.boot.web.embedded.tomcat.TomcatWebServer Line:92  - Tomcat initialized with port(s): 8820 (http)
2019-10-30 14:38:16.698 INFO  org.apache.coyote.http11.Http11NioProtocol Line:173 - Initializing ProtocolHandler ["http-nio-8820"]
2019-10-30 14:38:16.700 INFO  org.apache.catalina.core.StandardService Line:173 - Starting service [Tomcat]
2019-10-30 14:38:16.700 INFO  org.apache.catalina.core.StandardEngine Line:173 - Starting Servlet engine: [Apache Tomcat/9.0.27]
2019-10-30 14:38:17.056 INFO  org.apache.catalina.core.ContainerBase.[Tomcat].[localhost].[/] Line:173 - Initializing Spring embedded WebApplicationContext
2019-10-30 14:38:17.057 INFO  org.springframework.web.context.ContextLoader Line:284 - Root WebApplicationContext: initialization completed in 2263 ms
2019-10-30 14:38:17.293 INFO  org.hibernate.jpa.internal.util.LogHelper Line:31  - HHH000204: Processing PersistenceUnitInfo [name: default]
2019-10-30 14:38:17.388 INFO  org.hibernate.Version Line:46  - HHH000412: Hibernate Core {5.4.5.Final}
2019-10-30 14:38:17.553 INFO  org.hibernate.annotations.common.Version Line:49  - HCANN000001: Hibernate Commons Annotations {5.1.0.Final}
2019-10-30 14:38:17.674 INFO  com.zaxxer.hikari.HikariDataSource Line:110 - MyHikariCP - Starting...
2019-10-30 14:38:18.763 INFO  com.zaxxer.hikari.HikariDataSource Line:123 - MyHikariCP - Start completed.
2019-10-30 14:38:18.789 INFO  org.hibernate.dialect.Dialect Line:172 - HHH000400: Using dialect: org.hibernate.dialect.PostgreSQL95Dialect
2019-10-30 14:38:18.942 INFO  jdbc.sqltiming Line:373 - select * from information_schema.sequences 
 {executed in 3 msec}
2019-10-30 14:38:19.824 INFO  jdbc.sqltiming Line:373 - select * from information_schema.sequences 
 {executed in 2 msec}
2019-10-30 14:38:19.859 INFO  org.hibernate.engine.transaction.jta.platform.internal.JtaPlatformInitiator Line:52  - HHH000490: Using JtaPlatform implementation: [org.hibernate.engine.transaction.jta.platform.internal.NoJtaPlatform]
2019-10-30 14:38:19.870 INFO  org.springframework.orm.jpa.LocalContainerEntityManagerFactoryBean Line:416 - Initialized JPA EntityManagerFactory for persistence unit 'default'
2019-10-30 14:38:20.780 INFO  org.springframework.scheduling.concurrent.ThreadPoolTaskExecutor Line:171 - Initializing ExecutorService 'applicationTaskExecutor'
2019-10-30 14:38:21.245 INFO  org.apache.coyote.http11.Http11NioProtocol Line:173 - Starting ProtocolHandler ["http-nio-8820"]
2019-10-30 14:38:21.383 INFO  org.springframework.boot.web.embedded.tomcat.TomcatWebServer Line:204 - Tomcat started on port(s): 8820 (http) with context path ''
2019-10-30 14:38:21.390 INFO  com.example.demo.DemoApplication Line:61  - Started DemoApplication in 7.61 seconds (JVM running for 10.962)
2019-10-30 14:46:26.985 INFO  com.example.demo.DemoApplication Line:55  - Starting DemoApplication on XZKJ_xujingchao with PID 11496 (E:\IdeaProjects\demo\target\classes started by Curse in E:\IdeaProjects\demo)
2019-10-30 14:46:26.986 INFO  com.example.demo.DemoApplication Line:655 - The following profiles are active: dev
2019-10-30 14:46:28.018 INFO  org.springframework.data.repository.config.RepositoryConfigurationDelegate Line:126 - Bootstrapping Spring Data repositories in DEFAULT mode.
2019-10-30 14:46:28.119 INFO  org.springframework.data.repository.config.RepositoryConfigurationDelegate Line:182 - Finished Spring Data repository scanning in 91ms. Found 1 repository interfaces.
2019-10-30 14:46:28.495 INFO  org.springframework.context.support.PostProcessorRegistrationDelegate$BeanPostProcessorChecker Line:330 - Bean 'org.springframework.transaction.annotation.ProxyTransactionManagementConfiguration' of type [org.springframework.transaction.annotation.ProxyTransactionManagementConfiguration] is not eligible for getting processed by all BeanPostProcessors (for example: not eligible for auto-proxying)
2019-10-30 14:46:28.895 INFO  org.springframework.boot.web.embedded.tomcat.TomcatWebServer Line:92  - Tomcat initialized with port(s): 8820 (http)
2019-10-30 14:46:28.911 INFO  org.apache.coyote.http11.Http11NioProtocol Line:173 - Initializing ProtocolHandler ["http-nio-8820"]
2019-10-30 14:46:28.912 INFO  org.apache.catalina.core.StandardService Line:173 - Starting service [Tomcat]
2019-10-30 14:46:28.912 INFO  org.apache.catalina.core.StandardEngine Line:173 - Starting Servlet engine: [Apache Tomcat/9.0.27]
2019-10-30 14:46:29.208 INFO  org.apache.catalina.core.ContainerBase.[Tomcat].[localhost].[/] Line:173 - Initializing Spring embedded WebApplicationContext
2019-10-30 14:46:29.210 INFO  org.springframework.web.context.ContextLoader Line:284 - Root WebApplicationContext: initialization completed in 2137 ms
2019-10-30 14:46:29.419 INFO  org.hibernate.jpa.internal.util.LogHelper Line:31  - HHH000204: Processing PersistenceUnitInfo [name: default]
2019-10-30 14:46:29.539 INFO  org.hibernate.Version Line:46  - HHH000412: Hibernate Core {5.4.5.Final}
2019-10-30 14:46:29.742 INFO  org.hibernate.annotations.common.Version Line:49  - HCANN000001: Hibernate Commons Annotations {5.1.0.Final}
2019-10-30 14:46:29.894 INFO  com.zaxxer.hikari.HikariDataSource Line:110 - MyHikariCP - Starting...
2019-10-30 14:46:30.793 INFO  com.zaxxer.hikari.HikariDataSource Line:123 - MyHikariCP - Start completed.
2019-10-30 14:46:30.817 INFO  org.hibernate.dialect.Dialect Line:172 - HHH000400: Using dialect: org.hibernate.dialect.PostgreSQL95Dialect
2019-10-30 14:46:30.959 INFO  jdbc.sqltiming Line:373 - select * from information_schema.sequences 
 {executed in 4 msec}
2019-10-30 14:46:31.733 INFO  jdbc.sqltiming Line:373 - select * from information_schema.sequences 
 {executed in 1 msec}
2019-10-30 14:46:31.756 INFO  org.hibernate.engine.transaction.jta.platform.internal.JtaPlatformInitiator Line:52  - HHH000490: Using JtaPlatform implementation: [org.hibernate.engine.transaction.jta.platform.internal.NoJtaPlatform]
2019-10-30 14:46:31.765 INFO  org.springframework.orm.jpa.LocalContainerEntityManagerFactoryBean Line:416 - Initialized JPA EntityManagerFactory for persistence unit 'default'
2019-10-30 14:46:32.659 INFO  org.springframework.scheduling.concurrent.ThreadPoolTaskExecutor Line:171 - Initializing ExecutorService 'applicationTaskExecutor'
2019-10-30 14:46:33.057 INFO  org.apache.coyote.http11.Http11NioProtocol Line:173 - Starting ProtocolHandler ["http-nio-8820"]
2019-10-30 14:46:33.106 INFO  org.springframework.boot.web.embedded.tomcat.TomcatWebServer Line:204 - Tomcat started on port(s): 8820 (http) with context path ''
2019-10-30 14:46:33.112 INFO  com.example.demo.DemoApplication Line:61  - Started DemoApplication in 15.906 seconds (JVM running for 18.678)
2019-10-30 14:52:33.463 INFO  com.example.demo.DemoApplication Line:55  - Starting DemoApplication on XZKJ_xujingchao with PID 12144 (E:\IdeaProjects\demo\target\classes started by Curse in E:\IdeaProjects\demo)
2019-10-30 14:52:33.464 INFO  com.example.demo.DemoApplication Line:655 - The following profiles are active: dev
2019-10-30 14:52:34.371 INFO  org.springframework.data.repository.config.RepositoryConfigurationDelegate Line:126 - Bootstrapping Spring Data repositories in DEFAULT mode.
2019-10-30 14:52:34.473 INFO  org.springframework.data.repository.config.RepositoryConfigurationDelegate Line:182 - Finished Spring Data repository scanning in 87ms. Found 1 repository interfaces.
2019-10-30 14:52:34.909 INFO  org.springframework.context.support.PostProcessorRegistrationDelegate$BeanPostProcessorChecker Line:330 - Bean 'org.springframework.transaction.annotation.ProxyTransactionManagementConfiguration' of type [org.springframework.transaction.annotation.ProxyTransactionManagementConfiguration] is not eligible for getting processed by all BeanPostProcessors (for example: not eligible for auto-proxying)
2019-10-30 14:52:35.327 INFO  org.springframework.boot.web.embedded.tomcat.TomcatWebServer Line:92  - Tomcat initialized with port(s): 8820 (http)
2019-10-30 14:52:35.347 INFO  org.apache.coyote.http11.Http11NioProtocol Line:173 - Initializing ProtocolHandler ["http-nio-8820"]
2019-10-30 14:52:35.349 INFO  org.apache.catalina.core.StandardService Line:173 - Starting service [Tomcat]
2019-10-30 14:52:35.350 INFO  org.apache.catalina.core.StandardEngine Line:173 - Starting Servlet engine: [Apache Tomcat/9.0.27]
2019-10-30 14:52:35.678 INFO  org.apache.catalina.core.ContainerBase.[Tomcat].[localhost].[/] Line:173 - Initializing Spring embedded WebApplicationContext
2019-10-30 14:52:35.679 INFO  org.springframework.web.context.ContextLoader Line:284 - Root WebApplicationContext: initialization completed in 2153 ms
2019-10-30 14:52:35.946 INFO  org.hibernate.jpa.internal.util.LogHelper Line:31  - HHH000204: Processing PersistenceUnitInfo [name: default]
2019-10-30 14:52:36.039 INFO  org.hibernate.Version Line:46  - HHH000412: Hibernate Core {5.4.5.Final}
2019-10-30 14:52:36.196 INFO  org.hibernate.annotations.common.Version Line:49  - HCANN000001: Hibernate Commons Annotations {5.1.0.Final}
2019-10-30 14:52:36.350 INFO  com.zaxxer.hikari.HikariDataSource Line:110 - MyHikariCP - Starting...
2019-10-30 14:52:37.266 INFO  com.zaxxer.hikari.HikariDataSource Line:123 - MyHikariCP - Start completed.
2019-10-30 14:52:37.297 INFO  org.hibernate.dialect.Dialect Line:172 - HHH000400: Using dialect: org.hibernate.dialect.PostgreSQL95Dialect
2019-10-30 14:52:37.450 INFO  jdbc.sqltiming Line:373 - select * from information_schema.sequences 
 {executed in 3 msec}
2019-10-30 14:52:38.354 INFO  jdbc.sqltiming Line:373 - select * from information_schema.sequences 
 {executed in 1 msec}
2019-10-30 14:52:38.384 INFO  org.hibernate.engine.transaction.jta.platform.internal.JtaPlatformInitiator Line:52  - HHH000490: Using JtaPlatform implementation: [org.hibernate.engine.transaction.jta.platform.internal.NoJtaPlatform]
2019-10-30 14:52:38.395 INFO  org.springframework.orm.jpa.LocalContainerEntityManagerFactoryBean Line:416 - Initialized JPA EntityManagerFactory for persistence unit 'default'
2019-10-30 14:52:39.279 INFO  org.springframework.scheduling.concurrent.ThreadPoolTaskExecutor Line:171 - Initializing ExecutorService 'applicationTaskExecutor'
2019-10-30 14:52:39.652 INFO  org.apache.coyote.http11.Http11NioProtocol Line:173 - Starting ProtocolHandler ["http-nio-8820"]
2019-10-30 14:52:39.700 INFO  org.springframework.boot.web.embedded.tomcat.TomcatWebServer Line:204 - Tomcat started on port(s): 8820 (http) with context path ''
2019-10-30 14:52:39.705 INFO  com.example.demo.DemoApplication Line:61  - Started DemoApplication in 7.731 seconds (JVM running for 10.923)
2019-10-30 14:53:02.250 INFO  com.example.demo.DemoApplication Line:55  - Starting DemoApplication on XZKJ_xujingchao with PID 17184 (E:\IdeaProjects\demo\target\classes started by Curse in E:\IdeaProjects\demo)
2019-10-30 14:53:02.262 INFO  com.example.demo.DemoApplication Line:655 - The following profiles are active: dev
2019-10-30 14:53:03.491 INFO  org.springframework.data.repository.config.RepositoryConfigurationDelegate Line:126 - Bootstrapping Spring Data repositories in DEFAULT mode.
2019-10-30 14:53:03.612 INFO  org.springframework.data.repository.config.RepositoryConfigurationDelegate Line:182 - Finished Spring Data repository scanning in 106ms. Found 1 repository interfaces.
2019-10-30 14:53:04.014 INFO  org.springframework.context.support.PostProcessorRegistrationDelegate$BeanPostProcessorChecker Line:330 - Bean 'org.springframework.transaction.annotation.ProxyTransactionManagementConfiguration' of type [org.springframework.transaction.annotation.ProxyTransactionManagementConfiguration] is not eligible for getting processed by all BeanPostProcessors (for example: not eligible for auto-proxying)
2019-10-30 14:53:04.433 INFO  org.springframework.boot.web.embedded.tomcat.TomcatWebServer Line:92  - Tomcat initialized with port(s): 8820 (http)
2019-10-30 14:53:04.449 INFO  org.apache.coyote.http11.Http11NioProtocol Line:173 - Initializing ProtocolHandler ["http-nio-8820"]
2019-10-30 14:53:04.450 INFO  org.apache.catalina.core.StandardService Line:173 - Starting service [Tomcat]
2019-10-30 14:53:04.451 INFO  org.apache.catalina.core.StandardEngine Line:173 - Starting Servlet engine: [Apache Tomcat/9.0.27]
2019-10-30 14:53:04.873 INFO  org.apache.catalina.core.ContainerBase.[Tomcat].[localhost].[/] Line:173 - Initializing Spring embedded WebApplicationContext
2019-10-30 14:53:04.874 INFO  org.springframework.web.context.ContextLoader Line:284 - Root WebApplicationContext: initialization completed in 2506 ms
2019-10-30 14:53:05.158 INFO  org.hibernate.jpa.internal.util.LogHelper Line:31  - HHH000204: Processing PersistenceUnitInfo [name: default]
2019-10-30 14:53:05.269 INFO  org.hibernate.Version Line:46  - HHH000412: Hibernate Core {5.4.5.Final}
2019-10-30 14:53:05.473 INFO  org.hibernate.annotations.common.Version Line:49  - HCANN000001: Hibernate Commons Annotations {5.1.0.Final}
2019-10-30 14:53:05.677 INFO  com.zaxxer.hikari.HikariDataSource Line:110 - MyHikariCP - Starting...
2019-10-30 14:53:06.810 INFO  com.zaxxer.hikari.HikariDataSource Line:123 - MyHikariCP - Start completed.
2019-10-30 14:53:06.845 INFO  org.hibernate.dialect.Dialect Line:172 - HHH000400: Using dialect: org.hibernate.dialect.PostgreSQL95Dialect
2019-10-30 14:53:06.994 INFO  jdbc.sqltiming Line:373 - select * from information_schema.sequences 
 {executed in 2 msec}
2019-10-30 14:53:07.797 INFO  jdbc.sqltiming Line:373 - select * from information_schema.sequences 
 {executed in 2 msec}
2019-10-30 14:53:07.826 INFO  org.hibernate.engine.transaction.jta.platform.internal.JtaPlatformInitiator Line:52  - HHH000490: Using JtaPlatform implementation: [org.hibernate.engine.transaction.jta.platform.internal.NoJtaPlatform]
2019-10-30 14:53:07.837 INFO  org.springframework.orm.jpa.LocalContainerEntityManagerFactoryBean Line:416 - Initialized JPA EntityManagerFactory for persistence unit 'default'
2019-10-30 14:53:08.723 INFO  org.springframework.scheduling.concurrent.ThreadPoolTaskExecutor Line:171 - Initializing ExecutorService 'applicationTaskExecutor'
2019-10-30 14:53:09.057 INFO  org.apache.coyote.http11.Http11NioProtocol Line:173 - Starting ProtocolHandler ["http-nio-8820"]
2019-10-30 14:53:09.108 INFO  org.springframework.boot.web.embedded.tomcat.TomcatWebServer Line:204 - Tomcat started on port(s): 8820 (http) with context path ''
2019-10-30 14:53:09.115 INFO  com.example.demo.DemoApplication Line:61  - Started DemoApplication in 8.716 seconds (JVM running for 11.286)
2019-10-30 14:54:46.726 INFO  com.example.demo.DemoApplication Line:55  - Starting DemoApplication on XZKJ_xujingchao with PID 12972 (E:\IdeaProjects\demo\target\classes started by Curse in E:\IdeaProjects\demo)
2019-10-30 14:54:46.729 INFO  com.example.demo.DemoApplication Line:655 - The following profiles are active: dev
2019-10-30 14:54:47.554 INFO  org.springframework.data.repository.config.RepositoryConfigurationDelegate Line:126 - Bootstrapping Spring Data repositories in DEFAULT mode.
2019-10-30 14:54:47.643 INFO  org.springframework.data.repository.config.RepositoryConfigurationDelegate Line:182 - Finished Spring Data repository scanning in 75ms. Found 1 repository interfaces.
2019-10-30 14:54:48.042 INFO  org.springframework.context.support.PostProcessorRegistrationDelegate$BeanPostProcessorChecker Line:330 - Bean 'org.springframework.transaction.annotation.ProxyTransactionManagementConfiguration' of type [org.springframework.transaction.annotation.ProxyTransactionManagementConfiguration] is not eligible for getting processed by all BeanPostProcessors (for example: not eligible for auto-proxying)
2019-10-30 14:54:48.438 INFO  org.springframework.boot.web.embedded.tomcat.TomcatWebServer Line:92  - Tomcat initialized with port(s): 8820 (http)
2019-10-30 14:54:48.450 INFO  org.apache.coyote.http11.Http11NioProtocol Line:173 - Initializing ProtocolHandler ["http-nio-8820"]
2019-10-30 14:54:48.451 INFO  org.apache.catalina.core.StandardService Line:173 - Starting service [Tomcat]
2019-10-30 14:54:48.452 INFO  org.apache.catalina.core.StandardEngine Line:173 - Starting Servlet engine: [Apache Tomcat/9.0.27]
2019-10-30 14:54:48.701 INFO  org.apache.catalina.core.ContainerBase.[Tomcat].[localhost].[/] Line:173 - Initializing Spring embedded WebApplicationContext
2019-10-30 14:54:48.702 INFO  org.springframework.web.context.ContextLoader Line:284 - Root WebApplicationContext: initialization completed in 1903 ms
2019-10-30 14:54:48.912 INFO  org.hibernate.jpa.internal.util.LogHelper Line:31  - HHH000204: Processing PersistenceUnitInfo [name: default]
2019-10-30 14:54:48.985 INFO  org.hibernate.Version Line:46  - HHH000412: Hibernate Core {5.4.5.Final}
2019-10-30 14:54:49.159 INFO  org.hibernate.annotations.common.Version Line:49  - HCANN000001: Hibernate Commons Annotations {5.1.0.Final}
2019-10-30 14:54:49.377 INFO  com.zaxxer.hikari.HikariDataSource Line:110 - MyHikariCP - Starting...
2019-10-30 14:54:50.314 INFO  com.zaxxer.hikari.HikariDataSource Line:123 - MyHikariCP - Start completed.
2019-10-30 14:54:50.335 INFO  org.hibernate.dialect.Dialect Line:172 - HHH000400: Using dialect: org.hibernate.dialect.PostgreSQL95Dialect
2019-10-30 14:54:50.477 INFO  jdbc.sqltiming Line:373 - select * from information_schema.sequences 
 {executed in 2 msec}
2019-10-30 14:54:51.220 INFO  jdbc.sqltiming Line:373 - select * from information_schema.sequences 
 {executed in 2 msec}
2019-10-30 14:54:51.255 INFO  org.hibernate.engine.transaction.jta.platform.internal.JtaPlatformInitiator Line:52  - HHH000490: Using JtaPlatform implementation: [org.hibernate.engine.transaction.jta.platform.internal.NoJtaPlatform]
2019-10-30 14:54:51.268 INFO  org.springframework.orm.jpa.LocalContainerEntityManagerFactoryBean Line:416 - Initialized JPA EntityManagerFactory for persistence unit 'default'
2019-10-30 14:54:52.313 INFO  org.springframework.scheduling.concurrent.ThreadPoolTaskExecutor Line:171 - Initializing ExecutorService 'applicationTaskExecutor'
2019-10-30 14:54:52.854 INFO  org.apache.coyote.http11.Http11NioProtocol Line:173 - Starting ProtocolHandler ["http-nio-8820"]
2019-10-30 14:54:52.910 INFO  org.springframework.boot.web.embedded.tomcat.TomcatWebServer Line:204 - Tomcat started on port(s): 8820 (http) with context path ''
2019-10-30 14:54:52.917 INFO  com.example.demo.DemoApplication Line:61  - Started DemoApplication in 11.108 seconds (JVM running for 14.447)
