2019-10-29 14:14:42.401 INFO  com.example.demo.DemoApplication Line:55  - Starting DemoApplication on XZKJ_xujingchao with PID 6472 (E:\IdeaProjects\demo\target\classes started by Curse in E:\IdeaProjects\demo)
2019-10-29 14:14:42.410 INFO  com.example.demo.DemoApplication Line:655 - The following profiles are active: dev
2019-10-29 14:14:43.681 INFO  org.springframework.data.repository.config.RepositoryConfigurationDelegate Line:126 - Bootstrapping Spring Data repositories in DEFAULT mode.
2019-10-29 14:14:43.774 INFO  org.springframework.data.repository.config.RepositoryConfigurationDelegate Line:182 - Finished Spring Data repository scanning in 82ms. Found 1 repository interfaces.
2019-10-29 14:14:44.193 INFO  org.springframework.context.support.PostProcessorRegistrationDelegate$BeanPostProcessorChecker Line:330 - Bean 'org.springframework.transaction.annotation.ProxyTransactionManagementConfiguration' of type [org.springframework.transaction.annotation.ProxyTransactionManagementConfiguration] is not eligible for getting processed by all BeanPostProcessors (for example: not eligible for auto-proxying)
2019-10-29 14:14:44.566 INFO  org.springframework.boot.web.embedded.tomcat.TomcatWebServer Line:92  - Tomcat initialized with port(s): 8820 (http)
2019-10-29 14:14:44.582 INFO  org.apache.coyote.http11.Http11NioProtocol Line:173 - Initializing ProtocolHandler ["http-nio-8820"]
2019-10-29 14:14:44.583 INFO  org.apache.catalina.core.StandardService Line:173 - Starting service [Tomcat]
2019-10-29 14:14:44.584 INFO  org.apache.catalina.core.StandardEngine Line:173 - Starting Servlet engine: [Apache Tomcat/9.0.27]
2019-10-29 14:14:44.914 INFO  org.apache.catalina.core.ContainerBase.[Tomcat].[localhost].[/] Line:173 - Initializing Spring embedded WebApplicationContext
2019-10-29 14:14:45.129 INFO  org.hibernate.jpa.internal.util.LogHelper Line:31  - HHH000204: Processing PersistenceUnitInfo [name: default]
2019-10-29 14:14:45.213 INFO  org.hibernate.Version Line:46  - HHH000412: Hibernate Core {5.4.5.Final}
2019-10-29 14:14:45.364 INFO  org.hibernate.annotations.common.Version Line:49  - HCANN000001: Hibernate Commons Annotations {5.1.0.Final}
2019-10-29 14:14:45.481 INFO  com.zaxxer.hikari.HikariDataSource Line:110 - MyHikariCP - Starting...
2019-10-29 14:14:46.532 INFO  com.zaxxer.hikari.HikariDataSource Line:123 - MyHikariCP - Start completed.
2019-10-29 14:14:46.561 INFO  org.hibernate.dialect.Dialect Line:172 - HHH000400: Using dialect: org.hibernate.dialect.PostgreSQL95Dialect
2019-10-29 14:14:46.720 INFO  jdbc.sqltiming Line:373 - select * from information_schema.sequences 
 {executed in 2 msec}
2019-10-29 14:14:47.618 INFO  jdbc.sqltiming Line:373 - select * from information_schema.sequences 
 {executed in 2 msec}
2019-10-29 14:14:47.655 INFO  org.hibernate.engine.transaction.jta.platform.internal.JtaPlatformInitiator Line:52  - HHH000490: Using JtaPlatform implementation: [org.hibernate.engine.transaction.jta.platform.internal.NoJtaPlatform]
2019-10-29 14:14:47.669 INFO  org.springframework.orm.jpa.LocalContainerEntityManagerFactoryBean Line:416 - Initialized JPA EntityManagerFactory for persistence unit 'default'
2019-10-29 14:14:48.706 INFO  org.springframework.scheduling.concurrent.ThreadPoolTaskExecutor Line:171 - Initializing ExecutorService 'applicationTaskExecutor'
2019-10-29 14:14:49.120 INFO  org.apache.coyote.http11.Http11NioProtocol Line:173 - Starting ProtocolHandler ["http-nio-8820"]
2019-10-29 14:14:49.180 INFO  org.springframework.boot.web.embedded.tomcat.TomcatWebServer Line:204 - Tomcat started on port(s): 8820 (http) with context path ''
2019-10-29 14:14:49.195 INFO  com.example.demo.DemoApplication Line:61  - Started DemoApplication in 7.581 seconds (JVM running for 13.08)
2019-10-29 14:17:27.646 INFO  org.apache.catalina.core.ContainerBase.[Tomcat].[localhost].[/] Line:173 - Initializing Spring DispatcherServlet 'dispatcherServlet'
2019-10-29 14:17:27.902 INFO  jdbc.sqltiming Line:373 - select nextval ('hibernate_sequence') 
 {executed in 2 msec}
2019-10-29 14:17:27.949 INFO  jdbc.sqltiming Line:373 - insert into msg (name, id) values ('儿童团', 23) 
 {executed in 1 msec}
2019-10-29 14:17:57.678 INFO  jdbc.sqltiming Line:373 - select nextval ('hibernate_sequence') 
 {executed in 1 msec}
2019-10-29 14:17:57.684 INFO  jdbc.sqltiming Line:373 - insert into msg (name, id) values ('儿童团', 24) 
 {executed in 1 msec}
2019-10-29 14:19:53.957 INFO  com.example.demo.DemoApplication Line:55  - Starting DemoApplication on XZKJ_xujingchao with PID 2940 (E:\IdeaProjects\demo\target\classes started by Curse in E:\IdeaProjects\demo)
2019-10-29 14:19:53.961 INFO  com.example.demo.DemoApplication Line:655 - The following profiles are active: dev
2019-10-29 14:19:55.075 INFO  org.springframework.data.repository.config.RepositoryConfigurationDelegate Line:126 - Bootstrapping Spring Data repositories in DEFAULT mode.
2019-10-29 14:19:55.146 INFO  org.springframework.data.repository.config.RepositoryConfigurationDelegate Line:182 - Finished Spring Data repository scanning in 59ms. Found 1 repository interfaces.
2019-10-29 14:19:55.446 INFO  org.springframework.context.support.PostProcessorRegistrationDelegate$BeanPostProcessorChecker Line:330 - Bean 'org.springframework.transaction.annotation.ProxyTransactionManagementConfiguration' of type [org.springframework.transaction.annotation.ProxyTransactionManagementConfiguration] is not eligible for getting processed by all BeanPostProcessors (for example: not eligible for auto-proxying)
2019-10-29 14:19:55.757 INFO  org.springframework.boot.web.embedded.tomcat.TomcatWebServer Line:92  - Tomcat initialized with port(s): 8820 (http)
2019-10-29 14:19:55.768 INFO  org.apache.coyote.http11.Http11NioProtocol Line:173 - Initializing ProtocolHandler ["http-nio-8820"]
2019-10-29 14:19:55.769 INFO  org.apache.catalina.core.StandardService Line:173 - Starting service [Tomcat]
2019-10-29 14:19:55.770 INFO  org.apache.catalina.core.StandardEngine Line:173 - Starting Servlet engine: [Apache Tomcat/9.0.27]
2019-10-29 14:19:56.005 INFO  org.apache.catalina.core.ContainerBase.[Tomcat].[localhost].[/] Line:173 - Initializing Spring embedded WebApplicationContext
2019-10-29 14:19:56.005 INFO  org.springframework.web.context.ContextLoader Line:284 - Root WebApplicationContext: initialization completed in 1936 ms
2019-10-29 14:19:56.175 INFO  org.hibernate.jpa.internal.util.LogHelper Line:31  - HHH000204: Processing PersistenceUnitInfo [name: default]
2019-10-29 14:19:56.238 INFO  org.hibernate.Version Line:46  - HHH000412: Hibernate Core {5.4.5.Final}
2019-10-29 14:19:56.350 INFO  org.hibernate.annotations.common.Version Line:49  - HCANN000001: Hibernate Commons Annotations {5.1.0.Final}
2019-10-29 14:19:56.445 INFO  com.zaxxer.hikari.HikariDataSource Line:110 - MyHikariCP - Starting...
2019-10-29 14:19:57.389 INFO  com.zaxxer.hikari.HikariDataSource Line:123 - MyHikariCP - Start completed.
2019-10-29 14:19:57.434 INFO  org.hibernate.dialect.Dialect Line:172 - HHH000400: Using dialect: org.hibernate.dialect.PostgreSQL95Dialect
2019-10-29 14:19:57.555 INFO  jdbc.sqltiming Line:373 - select * from information_schema.sequences 
 {executed in 2 msec}
2019-10-29 14:19:58.200 INFO  jdbc.sqltiming Line:373 - select * from information_schema.sequences 
 {executed in 1 msec}
2019-10-29 14:19:58.225 INFO  org.hibernate.engine.transaction.jta.platform.internal.JtaPlatformInitiator Line:52  - HHH000490: Using JtaPlatform implementation: [org.hibernate.engine.transaction.jta.platform.internal.NoJtaPlatform]
2019-10-29 14:19:58.237 INFO  org.springframework.orm.jpa.LocalContainerEntityManagerFactoryBean Line:416 - Initialized JPA EntityManagerFactory for persistence unit 'default'
2019-10-29 14:19:58.962 INFO  org.springframework.scheduling.concurrent.ThreadPoolTaskExecutor Line:171 - Initializing ExecutorService 'applicationTaskExecutor'
2019-10-29 14:19:59.316 INFO  org.apache.coyote.http11.Http11NioProtocol Line:173 - Starting ProtocolHandler ["http-nio-8820"]
2019-10-29 14:19:59.353 INFO  org.springframework.boot.web.embedded.tomcat.TomcatWebServer Line:204 - Tomcat started on port(s): 8820 (http) with context path ''
2019-10-29 14:19:59.357 INFO  com.example.demo.DemoApplication Line:61  - Started DemoApplication in 6.38 seconds (JVM running for 9.296)
2019-10-29 14:20:57.977 INFO  org.apache.catalina.core.ContainerBase.[Tomcat].[localhost].[/] Line:173 - Initializing Spring DispatcherServlet 'dispatcherServlet'
2019-10-29 14:20:57.978 INFO  org.springframework.web.servlet.DispatcherServlet Line:525 - Initializing Servlet 'dispatcherServlet'
2019-10-29 14:20:57.987 INFO  org.springframework.web.servlet.DispatcherServlet Line:547 - Completed initialization in 9 ms
2019-10-29 14:20:58.143 INFO  jdbc.sqltiming Line:373 - select nextval ('hibernate_sequence') 
 {executed in 2 msec}
2019-10-29 14:20:58.172 INFO  jdbc.sqltiming Line:373 - insert into msg (name, id) values ('儿童团', 25) 
 {executed in 1 msec}
